<?xml version="1.0" encoding="UTF-8"?>
<coverage generated="1683850558686" clover="3.2.0">
  <project timestamp="1683850558686" name="All files">
    <metrics statements="135" coveredstatements="91" conditionals="46" coveredconditionals="24" methods="47" coveredmethods="26" elements="228" coveredelements="141" complexity="0" loc="135" ncloc="135" packages="15" files="31" classes="31"/>
    <package name="auth">
      <metrics statements="0" coveredstatements="0" conditionals="0" coveredconditionals="0" methods="0" coveredmethods="0"/>
      <file name="index.js" path="C:\Users\Admin\Desktop\Yader\JS\react-course\07-heroes-spa\src\auth\index.js">
        <metrics statements="0" coveredstatements="0" conditionals="0" coveredconditionals="0" methods="0" coveredmethods="0"/>
      </file>
    </package>
    <package name="auth.context">
      <metrics statements="20" coveredstatements="8" conditionals="5" coveredconditionals="3" methods="5" coveredmethods="1"/>
      <file name="AuthContext.jsx" path="C:\Users\Admin\Desktop\Yader\JS\react-course\07-heroes-spa\src\auth\context\AuthContext.jsx">
        <metrics statements="1" coveredstatements="1" conditionals="0" coveredconditionals="0" methods="0" coveredmethods="0"/>
        <line num="3" count="5" type="stmt"/>
      </file>
      <file name="AuthProvider.jsx" path="C:\Users\Admin\Desktop\Yader\JS\react-course\07-heroes-spa\src\auth\context\AuthProvider.jsx">
        <metrics statements="14" coveredstatements="2" conditionals="1" coveredconditionals="0" methods="4" coveredmethods="0"/>
        <line num="6" count="5" type="stmt"/>
        <line num="7" count="0" type="stmt"/>
        <line num="9" count="0" type="stmt"/>
        <line num="15" count="5" type="stmt"/>
        <line num="17" count="0" type="stmt"/>
        <line num="19" count="0" type="cond" truecount="0" falsecount="1"/>
        <line num="21" count="0" type="stmt"/>
        <line num="29" count="0" type="stmt"/>
        <line num="31" count="0" type="stmt"/>
        <line num="34" count="0" type="stmt"/>
        <line num="36" count="0" type="stmt"/>
        <line num="40" count="0" type="stmt"/>
        <line num="41" count="0" type="stmt"/>
        <line num="44" count="0" type="stmt"/>
      </file>
      <file name="authReducer.js" path="C:\Users\Admin\Desktop\Yader\JS\react-course\07-heroes-spa\src\auth\context\authReducer.js">
        <metrics statements="5" coveredstatements="5" conditionals="4" coveredconditionals="3" methods="1" coveredmethods="1"/>
        <line num="3" count="5" type="cond" truecount="0" falsecount="1"/>
        <line num="5" count="3" type="cond" truecount="3" falsecount="0"/>
        <line num="8" count="1" type="stmt"/>
        <line num="15" count="1" type="stmt"/>
        <line num="20" count="1" type="stmt"/>
      </file>
      <file name="index.js" path="C:\Users\Admin\Desktop\Yader\JS\react-course\07-heroes-spa\src\auth\context\index.js">
        <metrics statements="0" coveredstatements="0" conditionals="0" coveredconditionals="0" methods="0" coveredmethods="0"/>
      </file>
    </package>
    <package name="auth.pages">
      <metrics statements="9" coveredstatements="7" conditionals="2" coveredconditionals="0" methods="2" coveredmethods="1"/>
      <file name="LoginPage.jsx" path="C:\Users\Admin\Desktop\Yader\JS\react-course\07-heroes-spa\src\auth\pages\LoginPage.jsx">
        <metrics statements="9" coveredstatements="7" conditionals="2" coveredconditionals="0" methods="2" coveredmethods="1"/>
        <line num="7" count="4" type="stmt"/>
        <line num="9" count="1" type="stmt"/>
        <line num="10" count="1" type="stmt"/>
        <line num="11" count="1" type="stmt"/>
        <line num="13" count="1" type="stmt"/>
        <line num="15" count="1" type="stmt"/>
        <line num="17" count="0" type="stmt"/>
        <line num="19" count="0" type="cond" truecount="0" falsecount="2"/>
        <line num="24" count="1" type="stmt"/>
      </file>
      <file name="index.js" path="C:\Users\Admin\Desktop\Yader\JS\react-course\07-heroes-spa\src\auth\pages\index.js">
        <metrics statements="0" coveredstatements="0" conditionals="0" coveredconditionals="0" methods="0" coveredmethods="0"/>
      </file>
    </package>
    <package name="auth.types">
      <metrics statements="1" coveredstatements="1" conditionals="0" coveredconditionals="0" methods="0" coveredmethods="0"/>
      <file name="types.js" path="C:\Users\Admin\Desktop\Yader\JS\react-course\07-heroes-spa\src\auth\types\types.js">
        <metrics statements="1" coveredstatements="1" conditionals="0" coveredconditionals="0" methods="0" coveredmethods="0"/>
        <line num="2" count="6" type="stmt"/>
      </file>
    </package>
    <package name="heroes">
      <metrics statements="0" coveredstatements="0" conditionals="0" coveredconditionals="0" methods="0" coveredmethods="0"/>
      <file name="index.js" path="C:\Users\Admin\Desktop\Yader\JS\react-course\07-heroes-spa\src\heroes\index.js">
        <metrics statements="0" coveredstatements="0" conditionals="0" coveredconditionals="0" methods="0" coveredmethods="0"/>
      </file>
    </package>
    <package name="heroes.components">
      <metrics statements="22" coveredstatements="14" conditionals="10" coveredconditionals="4" methods="10" coveredmethods="6"/>
      <file name="HeroCard.jsx" path="C:\Users\Admin\Desktop\Yader\JS\react-course\07-heroes-spa\src\heroes\components\HeroCard.jsx">
        <metrics statements="4" coveredstatements="3" conditionals="4" coveredconditionals="2" methods="2" coveredmethods="1"/>
        <line num="3" count="2" type="stmt"/>
        <line num="9" count="11" type="stmt"/>
        <line num="11" count="11" type="stmt"/>
        <line num="31" count="0" type="cond" truecount="1" falsecount="1"/>
      </file>
      <file name="HeroList.jsx" path="C:\Users\Admin\Desktop\Yader\JS\react-course\07-heroes-spa\src\heroes\components\HeroList.jsx">
        <metrics statements="18" coveredstatements="11" conditionals="6" coveredconditionals="2" methods="8" coveredmethods="5"/>
        <line num="6" count="2" type="stmt"/>
        <line num="7" count="1" type="cond" truecount="2" falsecount="0"/>
        <line num="10" count="2" type="stmt"/>
        <line num="12" count="1" type="stmt"/>
        <line num="13" count="1" type="stmt"/>
        <line num="15" count="1" type="stmt"/>
        <line num="17" count="1" type="stmt"/>
        <line num="18" count="1" type="stmt"/>
        <line num="21" count="1" type="stmt"/>
        <line num="23" count="0" type="stmt"/>
        <line num="27" count="0" type="cond" truecount="0" falsecount="2"/>
        <line num="28" count="0" type="stmt"/>
        <line num="30" count="0" type="stmt"/>
        <line num="33" count="0" type="stmt"/>
        <line num="36" count="1" type="stmt"/>
        <line num="41" count="10" type="stmt"/>
        <line num="50" count="0" type="cond" truecount="0" falsecount="2"/>
        <line num="51" count="0" type="stmt"/>
      </file>
    </package>
    <package name="heroes.data">
      <metrics statements="1" coveredstatements="1" conditionals="0" coveredconditionals="0" methods="0" coveredmethods="0"/>
      <file name="heroes.js" path="C:\Users\Admin\Desktop\Yader\JS\react-course\07-heroes-spa\src\heroes\data\heroes.js">
        <metrics statements="1" coveredstatements="1" conditionals="0" coveredconditionals="0" methods="0" coveredmethods="0"/>
        <line num="1" count="2" type="stmt"/>
      </file>
    </package>
    <package name="heroes.helpers">
      <metrics statements="16" coveredstatements="10" conditionals="9" coveredconditionals="3" methods="8" coveredmethods="4"/>
      <file name="favoritesReducer.js" path="C:\Users\Admin\Desktop\Yader\JS\react-course\07-heroes-spa\src\heroes\helpers\favoritesReducer.js">
        <metrics statements="6" coveredstatements="1" conditionals="5" coveredconditionals="0" methods="2" coveredmethods="0"/>
        <line num="3" count="2" type="cond" truecount="0" falsecount="1"/>
        <line num="5" count="0" type="cond" truecount="0" falsecount="4"/>
        <line num="8" count="0" type="stmt"/>
        <line num="10" count="0" type="stmt"/>
        <line num="12" count="0" type="stmt"/>
        <line num="14" count="0" type="stmt"/>
      </file>
      <file name="getHeroById.js" path="C:\Users\Admin\Desktop\Yader\JS\react-course\07-heroes-spa\src\heroes\helpers\getHeroById.js">
        <metrics statements="2" coveredstatements="1" conditionals="0" coveredconditionals="0" methods="2" coveredmethods="0"/>
        <line num="3" count="2" type="stmt"/>
        <line num="5" count="0" type="stmt"/>
      </file>
      <file name="getHeroesByPublisher.js" path="C:\Users\Admin\Desktop\Yader\JS\react-course\07-heroes-spa\src\heroes\helpers\getHeroesByPublisher.js">
        <metrics statements="4" coveredstatements="4" conditionals="2" coveredconditionals="1" methods="2" coveredmethods="2"/>
        <line num="3" count="2" type="stmt"/>
        <line num="5" count="1" type="stmt"/>
        <line num="7" count="1" type="cond" truecount="1" falsecount="1"/>
        <line num="9" count="20" type="stmt"/>
      </file>
      <file name="index.js" path="C:\Users\Admin\Desktop\Yader\JS\react-course\07-heroes-spa\src\heroes\helpers\index.js">
        <metrics statements="0" coveredstatements="0" conditionals="0" coveredconditionals="0" methods="0" coveredmethods="0"/>
      </file>
      <file name="searchHeroBySuperHero.js" path="C:\Users\Admin\Desktop\Yader\JS\react-course\07-heroes-spa\src\heroes\helpers\searchHeroBySuperHero.js">
        <metrics statements="4" coveredstatements="4" conditionals="2" coveredconditionals="2" methods="2" coveredmethods="2"/>
        <line num="3" count="2" type="stmt"/>
        <line num="5" count="5" type="stmt"/>
        <line num="7" count="5" type="cond" truecount="2" falsecount="0"/>
        <line num="8" count="40" type="stmt"/>
      </file>
    </package>
    <package name="heroes.pages">
      <metrics statements="38" coveredstatements="23" conditionals="15" coveredconditionals="10" methods="13" coveredmethods="6"/>
      <file name="DcPage.jsx" path="C:\Users\Admin\Desktop\Yader\JS\react-course\07-heroes-spa\src\heroes\pages\DcPage.jsx">
        <metrics statements="2" coveredstatements="1" conditionals="0" coveredconditionals="0" methods="1" coveredmethods="0"/>
        <line num="3" count="1" type="stmt"/>
        <line num="5" count="0" type="stmt"/>
      </file>
      <file name="HeroPage.jsx" path="C:\Users\Admin\Desktop\Yader\JS\react-course\07-heroes-spa\src\heroes\pages\HeroPage.jsx">
        <metrics statements="10" coveredstatements="1" conditionals="2" coveredconditionals="0" methods="4" coveredmethods="0"/>
        <line num="6" count="1" type="stmt"/>
        <line num="8" count="0" type="stmt"/>
        <line num="10" count="0" type="stmt"/>
        <line num="12" count="0" type="stmt"/>
        <line num="14" count="0" type="stmt"/>
        <line num="15" count="0" type="stmt"/>
        <line num="18" count="0" type="cond" truecount="0" falsecount="2"/>
        <line num="19" count="0" type="stmt"/>
        <line num="24" count="0" type="stmt"/>
        <line num="43" count="0" type="stmt"/>
      </file>
      <file name="MarvelPage.jsx" path="C:\Users\Admin\Desktop\Yader\JS\react-course\07-heroes-spa\src\heroes\pages\MarvelPage.jsx">
        <metrics statements="2" coveredstatements="2" conditionals="0" coveredconditionals="0" methods="1" coveredmethods="1"/>
        <line num="3" count="1" type="stmt"/>
        <line num="5" count="1" type="stmt"/>
      </file>
      <file name="SearchPage.jsx" path="C:\Users\Admin\Desktop\Yader\JS\react-course\07-heroes-spa\src\heroes\pages\SearchPage.jsx">
        <metrics statements="24" coveredstatements="19" conditionals="13" coveredconditionals="10" methods="7" coveredmethods="5"/>
        <line num="10" count="2" type="stmt"/>
        <line num="11" count="4" type="cond" truecount="2" falsecount="0"/>
        <line num="14" count="2" type="stmt"/>
        <line num="16" count="5" type="stmt"/>
        <line num="17" count="5" type="stmt"/>
        <line num="19" count="5" type="cond" truecount="1" falsecount="0"/>
        <line num="21" count="5" type="stmt"/>
        <line num="25" count="5" type="stmt"/>
        <line num="27" count="5" type="stmt"/>
        <line num="28" count="1" type="stmt"/>
        <line num="30" count="1" type="cond" truecount="1" falsecount="1"/>
        <line num="32" count="1" type="stmt"/>
        <line num="35" count="5" type="stmt"/>
        <line num="37" count="5" type="stmt"/>
        <line num="39" count="5" type="stmt"/>
        <line num="40" count="4" type="stmt"/>
        <line num="43" count="5" type="stmt"/>
        <line num="45" count="0" type="stmt"/>
        <line num="49" count="0" type="cond" truecount="0" falsecount="2"/>
        <line num="50" count="0" type="stmt"/>
        <line num="52" count="0" type="stmt"/>
        <line num="55" count="0" type="stmt"/>
        <line num="58" count="5" type="stmt"/>
        <line num="84" count="1" type="stmt"/>
      </file>
      <file name="index.js" path="C:\Users\Admin\Desktop\Yader\JS\react-course\07-heroes-spa\src\heroes\pages\index.js">
        <metrics statements="0" coveredstatements="0" conditionals="0" coveredconditionals="0" methods="0" coveredmethods="0"/>
      </file>
    </package>
    <package name="heroes.routes">
      <metrics statements="2" coveredstatements="2" conditionals="0" coveredconditionals="0" methods="1" coveredmethods="1"/>
      <file name="HeroesRoutes.jsx" path="C:\Users\Admin\Desktop\Yader\JS\react-course\07-heroes-spa\src\heroes\routes\HeroesRoutes.jsx">
        <metrics statements="2" coveredstatements="2" conditionals="0" coveredconditionals="0" methods="1" coveredmethods="1"/>
        <line num="7" count="1" type="stmt"/>
        <line num="9" count="1" type="stmt"/>
      </file>
    </package>
    <package name="heroes.types">
      <metrics statements="1" coveredstatements="1" conditionals="0" coveredconditionals="0" methods="0" coveredmethods="0"/>
      <file name="types.js" path="C:\Users\Admin\Desktop\Yader\JS\react-course\07-heroes-spa\src\heroes\types\types.js">
        <metrics statements="1" coveredstatements="1" conditionals="0" coveredconditionals="0" methods="0" coveredmethods="0"/>
        <line num="1" count="2" type="stmt"/>
      </file>
    </package>
    <package name="hooks">
      <metrics statements="8" coveredstatements="7" conditionals="1" coveredconditionals="0" methods="3" coveredmethods="2"/>
      <file name="useForm.js" path="C:\Users\Admin\Desktop\Yader\JS\react-course\07-heroes-spa\src\hooks\useForm.js">
        <metrics statements="8" coveredstatements="7" conditionals="1" coveredconditionals="0" methods="3" coveredmethods="2"/>
        <line num="3" count="2" type="cond" truecount="0" falsecount="1"/>
        <line num="5" count="5" type="stmt"/>
        <line num="7" count="5" type="stmt"/>
        <line num="8" count="1" type="stmt"/>
        <line num="9" count="1" type="stmt"/>
        <line num="15" count="5" type="stmt"/>
        <line num="16" count="0" type="stmt"/>
        <line num="19" count="5" type="stmt"/>
      </file>
    </package>
    <package name="router">
      <metrics statements="10" coveredstatements="10" conditionals="4" coveredconditionals="4" methods="3" coveredmethods="3"/>
      <file name="AppRouter.jsx" path="C:\Users\Admin\Desktop\Yader\JS\react-course\07-heroes-spa\src\router\AppRouter.jsx">
        <metrics statements="2" coveredstatements="2" conditionals="0" coveredconditionals="0" methods="1" coveredmethods="1"/>
        <line num="7" count="1" type="stmt"/>
        <line num="9" count="2" type="stmt"/>
      </file>
      <file name="PrivateRoutes.jsx" path="C:\Users\Admin\Desktop\Yader\JS\react-course\07-heroes-spa\src\router\PrivateRoutes.jsx">
        <metrics statements="5" coveredstatements="5" conditionals="2" coveredconditionals="2" methods="1" coveredmethods="1"/>
        <line num="5" count="2" type="stmt"/>
        <line num="6" count="5" type="stmt"/>
        <line num="8" count="5" type="stmt"/>
        <line num="10" count="5" type="stmt"/>
        <line num="12" count="5" type="cond" truecount="2" falsecount="0"/>
      </file>
      <file name="PublicRoutes.jsx" path="C:\Users\Admin\Desktop\Yader\JS\react-course\07-heroes-spa\src\router\PublicRoutes.jsx">
        <metrics statements="3" coveredstatements="3" conditionals="2" coveredconditionals="2" methods="1" coveredmethods="1"/>
        <line num="5" count="3" type="stmt"/>
        <line num="7" count="3" type="stmt"/>
        <line num="8" count="3" type="cond" truecount="2" falsecount="0"/>
      </file>
    </package>
    <package name="ui">
      <metrics statements="0" coveredstatements="0" conditionals="0" coveredconditionals="0" methods="0" coveredmethods="0"/>
      <file name="index.js" path="C:\Users\Admin\Desktop\Yader\JS\react-course\07-heroes-spa\src\ui\index.js">
        <metrics statements="0" coveredstatements="0" conditionals="0" coveredconditionals="0" methods="0" coveredmethods="0"/>
      </file>
    </package>
    <package name="ui.components">
      <metrics statements="7" coveredstatements="7" conditionals="0" coveredconditionals="0" methods="2" coveredmethods="2"/>
      <file name="NavBar.jsx" path="C:\Users\Admin\Desktop\Yader\JS\react-course\07-heroes-spa\src\ui\components\NavBar.jsx">
        <metrics statements="7" coveredstatements="7" conditionals="0" coveredconditionals="0" methods="2" coveredmethods="2"/>
        <line num="5" count="2" type="stmt"/>
        <line num="7" count="4" type="stmt"/>
        <line num="8" count="4" type="stmt"/>
        <line num="10" count="4" type="stmt"/>
        <line num="11" count="1" type="stmt"/>
        <line num="12" count="1" type="stmt"/>
        <line num="15" count="4" type="stmt"/>
      </file>
      <file name="index.js" path="C:\Users\Admin\Desktop\Yader\JS\react-course\07-heroes-spa\src\ui\components\index.js">
        <metrics statements="0" coveredstatements="0" conditionals="0" coveredconditionals="0" methods="0" coveredmethods="0"/>
      </file>
    </package>
  </project>
</coverage>
