{"C:\\Users\\Admin\\Desktop\\Yader\\JS\\react-course\\07-heroes-spa\\src\\auth\\index.js": {"path":"C:\\Users\\Admin\\Desktop\\Yader\\JS\\react-course\\07-heroes-spa\\src\\auth\\index.js","statementMap":{},"fnMap":{},"branchMap":{},"s":{},"f":{},"b":{},"_coverageSchema":"1a1c01bbd47fc00a2c39e90264f33305004495a9","hash":"00dd9146d138afe24f5718e7cd63d69e994a1a65"}
,"C:\\Users\\Admin\\Desktop\\Yader\\JS\\react-course\\07-heroes-spa\\src\\auth\\context\\AuthContext.jsx": {"path":"C:\\Users\\Admin\\Desktop\\Yader\\JS\\react-course\\07-heroes-spa\\src\\auth\\context\\AuthContext.jsx","statementMap":{"0":{"start":{"line":3,"column":27},"end":{"line":3,"column":44}}},"fnMap":{},"branchMap":{},"s":{"0":5},"f":{},"b":{},"_coverageSchema":"1a1c01bbd47fc00a2c39e90264f33305004495a9","hash":"3e19a8ed2f0dccedde12e12fa3543a02a7507a79"}
,"C:\\Users\\Admin\\Desktop\\Yader\\JS\\react-course\\07-heroes-spa\\src\\auth\\context\\AuthProvider.jsx": {"path":"C:\\Users\\Admin\\Desktop\\Yader\\JS\\react-course\\07-heroes-spa\\src\\auth\\context\\AuthProvider.jsx","statementMap":{"0":{"start":{"line":6,"column":13},"end":{"line":13,"column":1}},"1":{"start":{"line":7,"column":17},"end":{"line":7,"column":57}},"2":{"start":{"line":9,"column":4},"end":{"line":12,"column":5}},"3":{"start":{"line":15,"column":28},"end":{"line":49,"column":1}},"4":{"start":{"line":17,"column":34},"end":{"line":17,"column":67}},"5":{"start":{"line":19,"column":18},"end":{"line":32,"column":5}},"6":{"start":{"line":21,"column":23},"end":{"line":27,"column":9}},"7":{"start":{"line":29,"column":8},"end":{"line":29,"column":68}},"8":{"start":{"line":31,"column":8},"end":{"line":31,"column":24}},"9":{"start":{"line":34,"column":19},"end":{"line":42,"column":5}},"10":{"start":{"line":36,"column":23},"end":{"line":38,"column":9}},"11":{"start":{"line":40,"column":8},"end":{"line":40,"column":39}},"12":{"start":{"line":41,"column":8},"end":{"line":41,"column":24}},"13":{"start":{"line":44,"column":4},"end":{"line":48,"column":5}}},"fnMap":{"0":{"name":"(anonymous_0)","decl":{"start":{"line":6,"column":13},"end":{"line":6,"column":14}},"loc":{"start":{"line":6,"column":19},"end":{"line":13,"column":1}},"line":6},"1":{"name":"(anonymous_1)","decl":{"start":{"line":15,"column":28},"end":{"line":15,"column":29}},"loc":{"start":{"line":15,"column":46},"end":{"line":49,"column":1}},"line":15},"2":{"name":"(anonymous_2)","decl":{"start":{"line":19,"column":18},"end":{"line":19,"column":19}},"loc":{"start":{"line":19,"column":33},"end":{"line":32,"column":5}},"line":19},"3":{"name":"(anonymous_3)","decl":{"start":{"line":34,"column":19},"end":{"line":34,"column":20}},"loc":{"start":{"line":34,"column":25},"end":{"line":42,"column":5}},"line":34}},"branchMap":{"0":{"loc":{"start":{"line":19,"column":19},"end":{"line":19,"column":28}},"type":"default-arg","locations":[{"start":{"line":19,"column":26},"end":{"line":19,"column":28}}],"line":19}},"s":{"0":5,"1":0,"2":0,"3":5,"4":0,"5":0,"6":0,"7":0,"8":0,"9":0,"10":0,"11":0,"12":0,"13":0},"f":{"0":0,"1":0,"2":0,"3":0},"b":{"0":[0]},"_coverageSchema":"1a1c01bbd47fc00a2c39e90264f33305004495a9","hash":"0ff21350b50f4a7022d14344c8a148f6462d03bc"}
,"C:\\Users\\Admin\\Desktop\\Yader\\JS\\react-course\\07-heroes-spa\\src\\auth\\context\\authReducer.js": {"path":"C:\\Users\\Admin\\Desktop\\Yader\\JS\\react-course\\07-heroes-spa\\src\\auth\\context\\authReducer.js","statementMap":{"0":{"start":{"line":3,"column":27},"end":{"line":22,"column":1}},"1":{"start":{"line":5,"column":4},"end":{"line":21,"column":5}},"2":{"start":{"line":8,"column":12},"end":{"line":12,"column":13}},"3":{"start":{"line":15,"column":12},"end":{"line":17,"column":13}},"4":{"start":{"line":20,"column":12},"end":{"line":20,"column":24}}},"fnMap":{"0":{"name":"(anonymous_0)","decl":{"start":{"line":3,"column":27},"end":{"line":3,"column":28}},"loc":{"start":{"line":3,"column":51},"end":{"line":22,"column":1}},"line":3}},"branchMap":{"0":{"loc":{"start":{"line":3,"column":28},"end":{"line":3,"column":38}},"type":"default-arg","locations":[{"start":{"line":3,"column":36},"end":{"line":3,"column":38}}],"line":3},"1":{"loc":{"start":{"line":5,"column":4},"end":{"line":21,"column":5}},"type":"switch","locations":[{"start":{"line":7,"column":8},"end":{"line":12,"column":13}},{"start":{"line":14,"column":8},"end":{"line":17,"column":13}},{"start":{"line":19,"column":8},"end":{"line":20,"column":24}}],"line":5}},"s":{"0":5,"1":3,"2":1,"3":1,"4":1},"f":{"0":3},"b":{"0":[0],"1":[1,1,1]},"_coverageSchema":"1a1c01bbd47fc00a2c39e90264f33305004495a9","hash":"aa9fddd2ad4933c39f1bb5cc6c578ba3584ecb20"}
,"C:\\Users\\Admin\\Desktop\\Yader\\JS\\react-course\\07-heroes-spa\\src\\auth\\context\\index.js": {"path":"C:\\Users\\Admin\\Desktop\\Yader\\JS\\react-course\\07-heroes-spa\\src\\auth\\context\\index.js","statementMap":{},"fnMap":{},"branchMap":{},"s":{},"f":{},"b":{},"_coverageSchema":"1a1c01bbd47fc00a2c39e90264f33305004495a9","hash":"c84472ada0ad3b7a9046d91437cf15f6724f4d6c"}
,"C:\\Users\\Admin\\Desktop\\Yader\\JS\\react-course\\07-heroes-spa\\src\\auth\\pages\\LoginPage.jsx": {"path":"C:\\Users\\Admin\\Desktop\\Yader\\JS\\react-course\\07-heroes-spa\\src\\auth\\pages\\LoginPage.jsx","statementMap":{"0":{"start":{"line":7,"column":25},"end":{"line":30,"column":1}},"1":{"start":{"line":9,"column":21},"end":{"line":9,"column":34}},"2":{"start":{"line":10,"column":21},"end":{"line":10,"column":34}},"3":{"start":{"line":11,"column":34},"end":{"line":11,"column":57}},"4":{"start":{"line":13,"column":25},"end":{"line":13,"column":59}},"5":{"start":{"line":15,"column":20},"end":{"line":22,"column":5}},"6":{"start":{"line":17,"column":8},"end":{"line":17,"column":22}},"7":{"start":{"line":19,"column":8},"end":{"line":21,"column":10}},"8":{"start":{"line":24,"column":4},"end":{"line":29,"column":5}}},"fnMap":{"0":{"name":"(anonymous_0)","decl":{"start":{"line":7,"column":25},"end":{"line":7,"column":26}},"loc":{"start":{"line":7,"column":31},"end":{"line":30,"column":1}},"line":7},"1":{"name":"(anonymous_1)","decl":{"start":{"line":15,"column":20},"end":{"line":15,"column":21}},"loc":{"start":{"line":15,"column":26},"end":{"line":22,"column":5}},"line":15}},"branchMap":{"0":{"loc":{"start":{"line":19,"column":17},"end":{"line":19,"column":32}},"type":"binary-expr","locations":[{"start":{"line":19,"column":17},"end":{"line":19,"column":25}},{"start":{"line":19,"column":29},"end":{"line":19,"column":32}}],"line":19}},"s":{"0":4,"1":1,"2":1,"3":1,"4":1,"5":1,"6":0,"7":0,"8":1},"f":{"0":1,"1":0},"b":{"0":[0,0]},"_coverageSchema":"1a1c01bbd47fc00a2c39e90264f33305004495a9","hash":"a02ba8b70e4ab922de3615c798bae48330506810"}
,"C:\\Users\\Admin\\Desktop\\Yader\\JS\\react-course\\07-heroes-spa\\src\\auth\\pages\\index.js": {"path":"C:\\Users\\Admin\\Desktop\\Yader\\JS\\react-course\\07-heroes-spa\\src\\auth\\pages\\index.js","statementMap":{},"fnMap":{},"branchMap":{},"s":{},"f":{},"b":{},"_coverageSchema":"1a1c01bbd47fc00a2c39e90264f33305004495a9","hash":"87b56e7ab9a982dccdd78bf591acb76ddd8b8cb2"}
,"C:\\Users\\Admin\\Desktop\\Yader\\JS\\react-course\\07-heroes-spa\\src\\auth\\types\\types.js": {"path":"C:\\Users\\Admin\\Desktop\\Yader\\JS\\react-course\\07-heroes-spa\\src\\auth\\types\\types.js","statementMap":{"0":{"start":{"line":2,"column":21},"end":{"line":5,"column":1}}},"fnMap":{},"branchMap":{},"s":{"0":6},"f":{},"b":{},"_coverageSchema":"1a1c01bbd47fc00a2c39e90264f33305004495a9","hash":"fad2629e754cf29e95ce12bb8ea5810bbd66a04b"}
,"C:\\Users\\Admin\\Desktop\\Yader\\JS\\react-course\\07-heroes-spa\\src\\heroes\\index.js": {"path":"C:\\Users\\Admin\\Desktop\\Yader\\JS\\react-course\\07-heroes-spa\\src\\heroes\\index.js","statementMap":{},"fnMap":{},"branchMap":{},"s":{},"f":{},"b":{},"_coverageSchema":"1a1c01bbd47fc00a2c39e90264f33305004495a9","hash":"91a7f78ed06aa3d2fc467fdfa7e3e5d296d9630e"}
,"C:\\Users\\Admin\\Desktop\\Yader\\JS\\react-course\\07-heroes-spa\\src\\heroes\\components\\HeroCard.jsx": {"path":"C:\\Users\\Admin\\Desktop\\Yader\\JS\\react-course\\07-heroes-spa\\src\\heroes\\components\\HeroCard.jsx","statementMap":{"0":{"start":{"line":3,"column":24},"end":{"line":40,"column":1}},"1":{"start":{"line":9,"column":20},"end":{"line":9,"column":45}},"2":{"start":{"line":11,"column":4},"end":{"line":39,"column":5}},"3":{"start":{"line":31,"column":272},"end":{"line":31,"column":296}}},"fnMap":{"0":{"name":"(anonymous_0)","decl":{"start":{"line":3,"column":24},"end":{"line":3,"column":25}},"loc":{"start":{"line":7,"column":6},"end":{"line":40,"column":1}},"line":7},"1":{"name":"(anonymous_1)","decl":{"start":{"line":31,"column":266},"end":{"line":31,"column":267}},"loc":{"start":{"line":31,"column":272},"end":{"line":31,"column":296}},"line":31}},"branchMap":{"0":{"loc":{"start":{"line":23,"column":28},"end":{"line":23,"column":119}},"type":"binary-expr","locations":[{"start":{"line":23,"column":29},"end":{"line":23,"column":65}},{"start":{"line":23,"column":71},"end":{"line":23,"column":118}}],"line":23},"1":{"loc":{"start":{"line":31,"column":44},"end":{"line":31,"column":255}},"type":"cond-expr","locations":[{"start":{"line":31,"column":50},"end":{"line":31,"column":150}},{"start":{"line":31,"column":151},"end":{"line":31,"column":255}}],"line":31}},"s":{"0":2,"1":11,"2":11,"3":0},"f":{"0":11,"1":0},"b":{"0":[11,0],"1":[0,11]},"_coverageSchema":"1a1c01bbd47fc00a2c39e90264f33305004495a9","hash":"b7e6a4c0d0e72418c6e4e636216a9b85234f8215"}
,"C:\\Users\\Admin\\Desktop\\Yader\\JS\\react-course\\07-heroes-spa\\src\\heroes\\components\\HeroList.jsx": {"path":"C:\\Users\\Admin\\Desktop\\Yader\\JS\\react-course\\07-heroes-spa\\src\\heroes\\components\\HeroList.jsx","statementMap":{"0":{"start":{"line":6,"column":13},"end":{"line":8,"column":1}},"1":{"start":{"line":7,"column":4},"end":{"line":7,"column":64}},"2":{"start":{"line":10,"column":24},"end":{"line":60,"column":1}},"3":{"start":{"line":12,"column":19},"end":{"line":12,"column":78}},"4":{"start":{"line":12,"column":33},"end":{"line":12,"column":64}},"5":{"start":{"line":13,"column":33},"end":{"line":13,"column":71}},"6":{"start":{"line":15,"column":19},"end":{"line":15,"column":46}},"7":{"start":{"line":15,"column":39},"end":{"line":15,"column":45}},"8":{"start":{"line":17,"column":4},"end":{"line":19,"column":17}},"9":{"start":{"line":18,"column":8},"end":{"line":18,"column":67}},"10":{"start":{"line":21,"column":23},"end":{"line":34,"column":5}},"11":{"start":{"line":23,"column":21},"end":{"line":25,"column":9}},"12":{"start":{"line":27,"column":8},"end":{"line":31,"column":9}},"13":{"start":{"line":28,"column":12},"end":{"line":28,"column":47}},"14":{"start":{"line":30,"column":12},"end":{"line":30,"column":43}},"15":{"start":{"line":33,"column":8},"end":{"line":33,"column":24}},"16":{"start":{"line":36,"column":4},"end":{"line":59,"column":5}},"17":{"start":{"line":41,"column":24},"end":{"line":43,"column":25}},"18":{"start":{"line":50,"column":24},"end":{"line":54,"column":25}},"19":{"start":{"line":51,"column":28},"end":{"line":53,"column":29}}},"fnMap":{"0":{"name":"(anonymous_0)","decl":{"start":{"line":6,"column":13},"end":{"line":6,"column":14}},"loc":{"start":{"line":6,"column":19},"end":{"line":8,"column":1}},"line":6},"1":{"name":"(anonymous_1)","decl":{"start":{"line":10,"column":24},"end":{"line":10,"column":25}},"loc":{"start":{"line":10,"column":43},"end":{"line":60,"column":1}},"line":10},"2":{"name":"(anonymous_2)","decl":{"start":{"line":12,"column":27},"end":{"line":12,"column":28}},"loc":{"start":{"line":12,"column":33},"end":{"line":12,"column":64}},"line":12},"3":{"name":"(anonymous_3)","decl":{"start":{"line":15,"column":32},"end":{"line":15,"column":33}},"loc":{"start":{"line":15,"column":39},"end":{"line":15,"column":45}},"line":15},"4":{"name":"(anonymous_4)","decl":{"start":{"line":17,"column":14},"end":{"line":17,"column":15}},"loc":{"start":{"line":17,"column":20},"end":{"line":19,"column":5}},"line":17},"5":{"name":"(anonymous_5)","decl":{"start":{"line":21,"column":23},"end":{"line":21,"column":24}},"loc":{"start":{"line":21,"column":41},"end":{"line":34,"column":5}},"line":21},"6":{"name":"(anonymous_6)","decl":{"start":{"line":40,"column":31},"end":{"line":40,"column":32}},"loc":{"start":{"line":40,"column":42},"end":{"line":44,"column":21}},"line":40},"7":{"name":"(anonymous_7)","decl":{"start":{"line":49,"column":33},"end":{"line":49,"column":34}},"loc":{"start":{"line":49,"column":44},"end":{"line":55,"column":21}},"line":49}},"branchMap":{"0":{"loc":{"start":{"line":7,"column":22},"end":{"line":7,"column":63}},"type":"binary-expr","locations":[{"start":{"line":7,"column":22},"end":{"line":7,"column":55}},{"start":{"line":7,"column":59},"end":{"line":7,"column":63}}],"line":7},"1":{"loc":{"start":{"line":27,"column":8},"end":{"line":31,"column":9}},"type":"if","locations":[{"start":{"line":27,"column":8},"end":{"line":31,"column":9}},{"start":{"line":29,"column":14},"end":{"line":31,"column":9}}],"line":27},"2":{"loc":{"start":{"line":50,"column":24},"end":{"line":54,"column":25}},"type":"if","locations":[{"start":{"line":50,"column":24},"end":{"line":54,"column":25}},{"start":{},"end":{}}],"line":50}},"s":{"0":2,"1":1,"2":2,"3":1,"4":1,"5":1,"6":1,"7":0,"8":1,"9":1,"10":1,"11":0,"12":0,"13":0,"14":0,"15":0,"16":1,"17":10,"18":0,"19":0},"f":{"0":1,"1":1,"2":1,"3":0,"4":1,"5":0,"6":10,"7":0},"b":{"0":[1,1],"1":[0,0],"2":[0,0]},"_coverageSchema":"1a1c01bbd47fc00a2c39e90264f33305004495a9","hash":"28875b5c2da318bf714f40d6c46a9ae0755a4824"}
,"C:\\Users\\Admin\\Desktop\\Yader\\JS\\react-course\\07-heroes-spa\\src\\heroes\\data\\heroes.js": {"path":"C:\\Users\\Admin\\Desktop\\Yader\\JS\\react-course\\07-heroes-spa\\src\\heroes\\data\\heroes.js","statementMap":{"0":{"start":{"line":1,"column":22},"end":{"line":162,"column":1}}},"fnMap":{},"branchMap":{},"s":{"0":2},"f":{},"b":{},"_coverageSchema":"1a1c01bbd47fc00a2c39e90264f33305004495a9","hash":"37ae690758675939842effbb994302371d0f778f"}
,"C:\\Users\\Admin\\Desktop\\Yader\\JS\\react-course\\07-heroes-spa\\src\\heroes\\helpers\\favoritesReducer.js": {"path":"C:\\Users\\Admin\\Desktop\\Yader\\JS\\react-course\\07-heroes-spa\\src\\heroes\\helpers\\favoritesReducer.js","statementMap":{"0":{"start":{"line":3,"column":32},"end":{"line":16,"column":1}},"1":{"start":{"line":5,"column":4},"end":{"line":15,"column":5}},"2":{"start":{"line":8,"column":12},"end":{"line":8,"column":45}},"3":{"start":{"line":10,"column":12},"end":{"line":10,"column":72}},"4":{"start":{"line":10,"column":42},"end":{"line":10,"column":71}},"5":{"start":{"line":12,"column":12},"end":{"line":12,"column":24}},"6":{"start":{"line":14,"column":12},"end":{"line":14,"column":24}}},"fnMap":{"0":{"name":"(anonymous_0)","decl":{"start":{"line":3,"column":32},"end":{"line":3,"column":33}},"loc":{"start":{"line":3,"column":56},"end":{"line":16,"column":1}},"line":3},"1":{"name":"(anonymous_1)","decl":{"start":{"line":10,"column":32},"end":{"line":10,"column":33}},"loc":{"start":{"line":10,"column":42},"end":{"line":10,"column":71}},"line":10}},"branchMap":{"0":{"loc":{"start":{"line":3,"column":33},"end":{"line":3,"column":43}},"type":"default-arg","locations":[{"start":{"line":3,"column":41},"end":{"line":3,"column":43}}],"line":3},"1":{"loc":{"start":{"line":5,"column":4},"end":{"line":15,"column":5}},"type":"switch","locations":[{"start":{"line":7,"column":8},"end":{"line":8,"column":45}},{"start":{"line":9,"column":8},"end":{"line":10,"column":72}},{"start":{"line":11,"column":8},"end":{"line":12,"column":24}},{"start":{"line":13,"column":8},"end":{"line":14,"column":24}}],"line":5}},"s":{"0":2,"1":0,"2":0,"3":0,"4":0,"5":0,"6":0},"f":{"0":0,"1":0},"b":{"0":[0],"1":[0,0,0,0]},"_coverageSchema":"1a1c01bbd47fc00a2c39e90264f33305004495a9","hash":"e926a5255074ebf5539d095d7ac59433dfd760f1"}
,"C:\\Users\\Admin\\Desktop\\Yader\\JS\\react-course\\07-heroes-spa\\src\\heroes\\helpers\\getHeroById.js": {"path":"C:\\Users\\Admin\\Desktop\\Yader\\JS\\react-course\\07-heroes-spa\\src\\heroes\\helpers\\getHeroById.js","statementMap":{"0":{"start":{"line":3,"column":27},"end":{"line":6,"column":1}},"1":{"start":{"line":5,"column":4},"end":{"line":5,"column":48}},"2":{"start":{"line":5,"column":33},"end":{"line":5,"column":47}}},"fnMap":{"0":{"name":"(anonymous_0)","decl":{"start":{"line":3,"column":27},"end":{"line":3,"column":28}},"loc":{"start":{"line":3,"column":35},"end":{"line":6,"column":1}},"line":3},"1":{"name":"(anonymous_1)","decl":{"start":{"line":5,"column":23},"end":{"line":5,"column":24}},"loc":{"start":{"line":5,"column":33},"end":{"line":5,"column":47}},"line":5}},"branchMap":{},"s":{"0":2,"1":0,"2":0},"f":{"0":0,"1":0},"b":{},"_coverageSchema":"1a1c01bbd47fc00a2c39e90264f33305004495a9","hash":"07dfcdd61abeb1f55a40d7769062416c34907719"}
,"C:\\Users\\Admin\\Desktop\\Yader\\JS\\react-course\\07-heroes-spa\\src\\heroes\\helpers\\getHeroesByPublisher.js": {"path":"C:\\Users\\Admin\\Desktop\\Yader\\JS\\react-course\\07-heroes-spa\\src\\heroes\\helpers\\getHeroesByPublisher.js","statementMap":{"0":{"start":{"line":3,"column":36},"end":{"line":10,"column":1}},"1":{"start":{"line":5,"column":28},"end":{"line":5,"column":58}},"2":{"start":{"line":7,"column":4},"end":{"line":7,"column":101}},"3":{"start":{"line":7,"column":45},"end":{"line":7,"column":101}},"4":{"start":{"line":9,"column":4},"end":{"line":9,"column":63}},"5":{"start":{"line":9,"column":34},"end":{"line":9,"column":62}}},"fnMap":{"0":{"name":"(anonymous_0)","decl":{"start":{"line":3,"column":36},"end":{"line":3,"column":37}},"loc":{"start":{"line":3,"column":51},"end":{"line":10,"column":1}},"line":3},"1":{"name":"(anonymous_1)","decl":{"start":{"line":9,"column":26},"end":{"line":9,"column":27}},"loc":{"start":{"line":9,"column":34},"end":{"line":9,"column":62}},"line":9}},"branchMap":{"0":{"loc":{"start":{"line":7,"column":4},"end":{"line":7,"column":101}},"type":"if","locations":[{"start":{"line":7,"column":4},"end":{"line":7,"column":101}},{"start":{},"end":{}}],"line":7}},"s":{"0":2,"1":1,"2":1,"3":0,"4":1,"5":20},"f":{"0":1,"1":20},"b":{"0":[0,1]},"_coverageSchema":"1a1c01bbd47fc00a2c39e90264f33305004495a9","hash":"a76483ffb4e0a637745e3627c52b61e55713b930"}
,"C:\\Users\\Admin\\Desktop\\Yader\\JS\\react-course\\07-heroes-spa\\src\\heroes\\helpers\\index.js": {"path":"C:\\Users\\Admin\\Desktop\\Yader\\JS\\react-course\\07-heroes-spa\\src\\heroes\\helpers\\index.js","statementMap":{},"fnMap":{},"branchMap":{},"s":{},"f":{},"b":{},"_coverageSchema":"1a1c01bbd47fc00a2c39e90264f33305004495a9","hash":"89b0197f6a57bced91162d863060b9456bf37e16"}
,"C:\\Users\\Admin\\Desktop\\Yader\\JS\\react-course\\07-heroes-spa\\src\\heroes\\helpers\\searchHeroBySuperHero.js": {"path":"C:\\Users\\Admin\\Desktop\\Yader\\JS\\react-course\\07-heroes-spa\\src\\heroes\\helpers\\searchHeroBySuperHero.js","statementMap":{"0":{"start":{"line":3,"column":37},"end":{"line":9,"column":1}},"1":{"start":{"line":5,"column":21},"end":{"line":5,"column":53}},"2":{"start":{"line":7,"column":4},"end":{"line":7,"column":39}},"3":{"start":{"line":7,"column":30},"end":{"line":7,"column":39}},"4":{"start":{"line":8,"column":4},"end":{"line":8,"column":89}},"5":{"start":{"line":8,"column":35},"end":{"line":8,"column":88}}},"fnMap":{"0":{"name":"(anonymous_0)","decl":{"start":{"line":3,"column":37},"end":{"line":3,"column":38}},"loc":{"start":{"line":3,"column":48},"end":{"line":9,"column":1}},"line":3},"1":{"name":"(anonymous_1)","decl":{"start":{"line":8,"column":25},"end":{"line":8,"column":26}},"loc":{"start":{"line":8,"column":35},"end":{"line":8,"column":88}},"line":8}},"branchMap":{"0":{"loc":{"start":{"line":7,"column":4},"end":{"line":7,"column":39}},"type":"if","locations":[{"start":{"line":7,"column":4},"end":{"line":7,"column":39}},{"start":{},"end":{}}],"line":7}},"s":{"0":2,"1":5,"2":5,"3":3,"4":2,"5":40},"f":{"0":5,"1":40},"b":{"0":[3,2]},"_coverageSchema":"1a1c01bbd47fc00a2c39e90264f33305004495a9","hash":"3678ba2bbaffc1c0cb161acbd3629a75dfbd16ad"}
,"C:\\Users\\Admin\\Desktop\\Yader\\JS\\react-course\\07-heroes-spa\\src\\heroes\\pages\\DcPage.jsx": {"path":"C:\\Users\\Admin\\Desktop\\Yader\\JS\\react-course\\07-heroes-spa\\src\\heroes\\pages\\DcPage.jsx","statementMap":{"0":{"start":{"line":3,"column":22},"end":{"line":13,"column":1}},"1":{"start":{"line":5,"column":4},"end":{"line":12,"column":5}}},"fnMap":{"0":{"name":"(anonymous_0)","decl":{"start":{"line":3,"column":22},"end":{"line":3,"column":23}},"loc":{"start":{"line":3,"column":28},"end":{"line":13,"column":1}},"line":3}},"branchMap":{},"s":{"0":1,"1":0},"f":{"0":0},"b":{},"_coverageSchema":"1a1c01bbd47fc00a2c39e90264f33305004495a9","hash":"4d3d952daec0e3a1bbb45bab63a94415a11b7c6c"}
,"C:\\Users\\Admin\\Desktop\\Yader\\JS\\react-course\\07-heroes-spa\\src\\heroes\\pages\\HeroPage.jsx": {"path":"C:\\Users\\Admin\\Desktop\\Yader\\JS\\react-course\\07-heroes-spa\\src\\heroes\\pages\\HeroPage.jsx","statementMap":{"0":{"start":{"line":6,"column":24},"end":{"line":51,"column":1}},"1":{"start":{"line":8,"column":19},"end":{"line":8,"column":30}},"2":{"start":{"line":10,"column":17},"end":{"line":10,"column":53}},"3":{"start":{"line":10,"column":31},"end":{"line":10,"column":46}},"4":{"start":{"line":12,"column":22},"end":{"line":12,"column":35}},"5":{"start":{"line":14,"column":27},"end":{"line":16,"column":5}},"6":{"start":{"line":15,"column":8},"end":{"line":15,"column":21}},"7":{"start":{"line":18,"column":4},"end":{"line":22,"column":5}},"8":{"start":{"line":19,"column":8},"end":{"line":21,"column":9}},"9":{"start":{"line":24,"column":4},"end":{"line":50,"column":5}},"10":{"start":{"line":43,"column":69},"end":{"line":43,"column":181}}},"fnMap":{"0":{"name":"(anonymous_0)","decl":{"start":{"line":6,"column":24},"end":{"line":6,"column":25}},"loc":{"start":{"line":6,"column":30},"end":{"line":51,"column":1}},"line":6},"1":{"name":"(anonymous_1)","decl":{"start":{"line":10,"column":25},"end":{"line":10,"column":26}},"loc":{"start":{"line":10,"column":31},"end":{"line":10,"column":46}},"line":10},"2":{"name":"(anonymous_2)","decl":{"start":{"line":14,"column":27},"end":{"line":14,"column":28}},"loc":{"start":{"line":14,"column":33},"end":{"line":16,"column":5}},"line":14},"3":{"name":"(anonymous_3)","decl":{"start":{"line":43,"column":63},"end":{"line":43,"column":64}},"loc":{"start":{"line":43,"column":69},"end":{"line":43,"column":181}},"line":43}},"branchMap":{"0":{"loc":{"start":{"line":18,"column":4},"end":{"line":22,"column":5}},"type":"if","locations":[{"start":{"line":18,"column":4},"end":{"line":22,"column":5}},{"start":{},"end":{}}],"line":18}},"s":{"0":1,"1":0,"2":0,"3":0,"4":0,"5":0,"6":0,"7":0,"8":0,"9":0,"10":0},"f":{"0":0,"1":0,"2":0,"3":0},"b":{"0":[0,0]},"_coverageSchema":"1a1c01bbd47fc00a2c39e90264f33305004495a9","hash":"553b53816cb1a1d6d1728e55c33ec3617be73010"}
,"C:\\Users\\Admin\\Desktop\\Yader\\JS\\react-course\\07-heroes-spa\\src\\heroes\\pages\\MarvelPage.jsx": {"path":"C:\\Users\\Admin\\Desktop\\Yader\\JS\\react-course\\07-heroes-spa\\src\\heroes\\pages\\MarvelPage.jsx","statementMap":{"0":{"start":{"line":3,"column":26},"end":{"line":13,"column":1}},"1":{"start":{"line":5,"column":4},"end":{"line":12,"column":5}}},"fnMap":{"0":{"name":"(anonymous_0)","decl":{"start":{"line":3,"column":26},"end":{"line":3,"column":27}},"loc":{"start":{"line":3,"column":32},"end":{"line":13,"column":1}},"line":3}},"branchMap":{},"s":{"0":1,"1":1},"f":{"0":1},"b":{},"_coverageSchema":"1a1c01bbd47fc00a2c39e90264f33305004495a9","hash":"eec262554829df11e88e494f3628e356257784be"}
,"C:\\Users\\Admin\\Desktop\\Yader\\JS\\react-course\\07-heroes-spa\\src\\heroes\\pages\\SearchPage.jsx": {"path":"C:\\Users\\Admin\\Desktop\\Yader\\JS\\react-course\\07-heroes-spa\\src\\heroes\\pages\\SearchPage.jsx","statementMap":{"0":{"start":{"line":10,"column":13},"end":{"line":12,"column":1}},"1":{"start":{"line":11,"column":4},"end":{"line":11,"column":64}},"2":{"start":{"line":14,"column":26},"end":{"line":89,"column":1}},"3":{"start":{"line":16,"column":21},"end":{"line":16,"column":34}},"4":{"start":{"line":17,"column":21},"end":{"line":17,"column":34}},"5":{"start":{"line":19,"column":21},"end":{"line":19,"column":55}},"6":{"start":{"line":21,"column":41},"end":{"line":23,"column":6}},"7":{"start":{"line":25,"column":20},"end":{"line":25,"column":44}},"8":{"start":{"line":27,"column":27},"end":{"line":33,"column":5}},"9":{"start":{"line":28,"column":8},"end":{"line":28,"column":30}},"10":{"start":{"line":30,"column":8},"end":{"line":30,"column":48}},"11":{"start":{"line":30,"column":42},"end":{"line":30,"column":48}},"12":{"start":{"line":32,"column":8},"end":{"line":32,"column":36}},"13":{"start":{"line":35,"column":33},"end":{"line":35,"column":71}},"14":{"start":{"line":37,"column":19},"end":{"line":37,"column":46}},"15":{"start":{"line":37,"column":39},"end":{"line":37,"column":45}},"16":{"start":{"line":39,"column":4},"end":{"line":41,"column":17}},"17":{"start":{"line":40,"column":8},"end":{"line":40,"column":67}},"18":{"start":{"line":43,"column":23},"end":{"line":56,"column":5}},"19":{"start":{"line":45,"column":21},"end":{"line":47,"column":9}},"20":{"start":{"line":49,"column":8},"end":{"line":53,"column":9}},"21":{"start":{"line":50,"column":12},"end":{"line":50,"column":47}},"22":{"start":{"line":52,"column":12},"end":{"line":52,"column":43}},"23":{"start":{"line":55,"column":8},"end":{"line":55,"column":24}},"24":{"start":{"line":58,"column":4},"end":{"line":88,"column":5}},"25":{"start":{"line":84,"column":20},"end":{"line":84,"column":116}}},"fnMap":{"0":{"name":"(anonymous_0)","decl":{"start":{"line":10,"column":13},"end":{"line":10,"column":14}},"loc":{"start":{"line":10,"column":19},"end":{"line":12,"column":1}},"line":10},"1":{"name":"(anonymous_1)","decl":{"start":{"line":14,"column":26},"end":{"line":14,"column":27}},"loc":{"start":{"line":14,"column":32},"end":{"line":89,"column":1}},"line":14},"2":{"name":"(anonymous_2)","decl":{"start":{"line":27,"column":27},"end":{"line":27,"column":28}},"loc":{"start":{"line":27,"column":38},"end":{"line":33,"column":5}},"line":27},"3":{"name":"(anonymous_3)","decl":{"start":{"line":37,"column":32},"end":{"line":37,"column":33}},"loc":{"start":{"line":37,"column":39},"end":{"line":37,"column":45}},"line":37},"4":{"name":"(anonymous_4)","decl":{"start":{"line":39,"column":14},"end":{"line":39,"column":15}},"loc":{"start":{"line":39,"column":20},"end":{"line":41,"column":5}},"line":39},"5":{"name":"(anonymous_5)","decl":{"start":{"line":43,"column":23},"end":{"line":43,"column":24}},"loc":{"start":{"line":43,"column":41},"end":{"line":56,"column":5}},"line":43},"6":{"name":"(anonymous_6)","decl":{"start":{"line":83,"column":28},"end":{"line":83,"column":29}},"loc":{"start":{"line":84,"column":20},"end":{"line":84,"column":116}},"line":84}},"branchMap":{"0":{"loc":{"start":{"line":11,"column":22},"end":{"line":11,"column":63}},"type":"binary-expr","locations":[{"start":{"line":11,"column":22},"end":{"line":11,"column":55}},{"start":{"line":11,"column":59},"end":{"line":11,"column":63}}],"line":11},"1":{"loc":{"start":{"line":19,"column":12},"end":{"line":19,"column":16}},"type":"default-arg","locations":[{"start":{"line":19,"column":14},"end":{"line":19,"column":16}}],"line":19},"2":{"loc":{"start":{"line":30,"column":8},"end":{"line":30,"column":48}},"type":"if","locations":[{"start":{"line":30,"column":8},"end":{"line":30,"column":48}},{"start":{},"end":{}}],"line":30},"3":{"loc":{"start":{"line":49,"column":8},"end":{"line":53,"column":9}},"type":"if","locations":[{"start":{"line":49,"column":8},"end":{"line":53,"column":9}},{"start":{"line":51,"column":14},"end":{"line":53,"column":9}}],"line":49},"4":{"loc":{"start":{"line":74,"column":65},"end":{"line":74,"column":87}},"type":"cond-expr","locations":[{"start":{"line":74,"column":75},"end":{"line":74,"column":79}},{"start":{"line":74,"column":81},"end":{"line":74,"column":87}}],"line":74},"5":{"loc":{"start":{"line":78,"column":73},"end":{"line":78,"column":121}},"type":"cond-expr","locations":[{"start":{"line":78,"column":108},"end":{"line":78,"column":112}},{"start":{"line":78,"column":115},"end":{"line":78,"column":121}}],"line":78},"6":{"loc":{"start":{"line":78,"column":73},"end":{"line":78,"column":105}},"type":"binary-expr","locations":[{"start":{"line":78,"column":73},"end":{"line":78,"column":93}},{"start":{"line":78,"column":97},"end":{"line":78,"column":105}}],"line":78}},"s":{"0":2,"1":4,"2":2,"3":5,"4":5,"5":5,"6":5,"7":5,"8":5,"9":1,"10":1,"11":0,"12":1,"13":5,"14":5,"15":0,"16":5,"17":4,"18":5,"19":0,"20":0,"21":0,"22":0,"23":0,"24":5,"25":1},"f":{"0":4,"1":5,"2":1,"3":0,"4":4,"5":0,"6":1},"b":{"0":[4,1],"1":[3],"2":[0,1],"3":[0,0],"4":[3,2],"5":[1,4],"6":[5,4]},"_coverageSchema":"1a1c01bbd47fc00a2c39e90264f33305004495a9","hash":"18d5fe55022d437dab8c57248a1361d7952963ee"}
,"C:\\Users\\Admin\\Desktop\\Yader\\JS\\react-course\\07-heroes-spa\\src\\heroes\\pages\\index.js": {"path":"C:\\Users\\Admin\\Desktop\\Yader\\JS\\react-course\\07-heroes-spa\\src\\heroes\\pages\\index.js","statementMap":{},"fnMap":{},"branchMap":{},"s":{},"f":{},"b":{},"_coverageSchema":"1a1c01bbd47fc00a2c39e90264f33305004495a9","hash":"9ab42b5e78b9805a4df462e264df411f0eb4dd3f"}
,"C:\\Users\\Admin\\Desktop\\Yader\\JS\\react-course\\07-heroes-spa\\src\\heroes\\routes\\HeroesRoutes.jsx": {"path":"C:\\Users\\Admin\\Desktop\\Yader\\JS\\react-course\\07-heroes-spa\\src\\heroes\\routes\\HeroesRoutes.jsx","statementMap":{"0":{"start":{"line":7,"column":28},"end":{"line":23,"column":1}},"1":{"start":{"line":9,"column":4},"end":{"line":22,"column":5}}},"fnMap":{"0":{"name":"(anonymous_0)","decl":{"start":{"line":7,"column":28},"end":{"line":7,"column":29}},"loc":{"start":{"line":7,"column":34},"end":{"line":23,"column":1}},"line":7}},"branchMap":{},"s":{"0":1,"1":1},"f":{"0":1},"b":{},"_coverageSchema":"1a1c01bbd47fc00a2c39e90264f33305004495a9","hash":"56bad81b7fea98231646f0789ddf498c805cbea7"}
,"C:\\Users\\Admin\\Desktop\\Yader\\JS\\react-course\\07-heroes-spa\\src\\heroes\\types\\types.js": {"path":"C:\\Users\\Admin\\Desktop\\Yader\\JS\\react-course\\07-heroes-spa\\src\\heroes\\types\\types.js","statementMap":{"0":{"start":{"line":1,"column":21},"end":{"line":5,"column":1}}},"fnMap":{},"branchMap":{},"s":{"0":2},"f":{},"b":{},"_coverageSchema":"1a1c01bbd47fc00a2c39e90264f33305004495a9","hash":"6c3c904662a3bdc2fcd78cab97dee0101979b90a"}
,"C:\\Users\\Admin\\Desktop\\Yader\\JS\\react-course\\07-heroes-spa\\src\\hooks\\useForm.js": {"path":"C:\\Users\\Admin\\Desktop\\Yader\\JS\\react-course\\07-heroes-spa\\src\\hooks\\useForm.js","statementMap":{"0":{"start":{"line":3,"column":23},"end":{"line":25,"column":1}},"1":{"start":{"line":5,"column":40},"end":{"line":5,"column":63}},"2":{"start":{"line":7,"column":26},"end":{"line":13,"column":5}},"3":{"start":{"line":8,"column":32},"end":{"line":8,"column":38}},"4":{"start":{"line":9,"column":8},"end":{"line":12,"column":11}},"5":{"start":{"line":15,"column":24},"end":{"line":17,"column":5}},"6":{"start":{"line":16,"column":8},"end":{"line":16,"column":36}},"7":{"start":{"line":19,"column":4},"end":{"line":24,"column":5}}},"fnMap":{"0":{"name":"(anonymous_0)","decl":{"start":{"line":3,"column":23},"end":{"line":3,"column":24}},"loc":{"start":{"line":3,"column":47},"end":{"line":25,"column":1}},"line":3},"1":{"name":"(anonymous_1)","decl":{"start":{"line":7,"column":26},"end":{"line":7,"column":27}},"loc":{"start":{"line":7,"column":42},"end":{"line":13,"column":5}},"line":7},"2":{"name":"(anonymous_2)","decl":{"start":{"line":15,"column":24},"end":{"line":15,"column":25}},"loc":{"start":{"line":15,"column":30},"end":{"line":17,"column":5}},"line":15}},"branchMap":{"0":{"loc":{"start":{"line":3,"column":25},"end":{"line":3,"column":41}},"type":"default-arg","locations":[{"start":{"line":3,"column":39},"end":{"line":3,"column":41}}],"line":3}},"s":{"0":2,"1":5,"2":5,"3":1,"4":1,"5":5,"6":0,"7":5},"f":{"0":5,"1":1,"2":0},"b":{"0":[0]},"_coverageSchema":"1a1c01bbd47fc00a2c39e90264f33305004495a9","hash":"a97e05175e7af3d20a7183f358b8af233cd471a0"}
,"C:\\Users\\Admin\\Desktop\\Yader\\JS\\react-course\\07-heroes-spa\\src\\router\\AppRouter.jsx": {"path":"C:\\Users\\Admin\\Desktop\\Yader\\JS\\react-course\\07-heroes-spa\\src\\router\\AppRouter.jsx","statementMap":{"0":{"start":{"line":7,"column":26},"end":{"line":26,"column":1}},"1":{"start":{"line":9,"column":4},"end":{"line":25,"column":5}}},"fnMap":{"0":{"name":"(anonymous_0)","decl":{"start":{"line":7,"column":26},"end":{"line":7,"column":27}},"loc":{"start":{"line":7,"column":32},"end":{"line":26,"column":1}},"line":7}},"branchMap":{},"s":{"0":1,"1":2},"f":{"0":2},"b":{},"_coverageSchema":"1a1c01bbd47fc00a2c39e90264f33305004495a9","hash":"5cc9e6b94e98080fb8e883eac7cbfa620e1e1435"}
,"C:\\Users\\Admin\\Desktop\\Yader\\JS\\react-course\\07-heroes-spa\\src\\router\\PrivateRoutes.jsx": {"path":"C:\\Users\\Admin\\Desktop\\Yader\\JS\\react-course\\07-heroes-spa\\src\\router\\PrivateRoutes.jsx","statementMap":{"0":{"start":{"line":5,"column":29},"end":{"line":13,"column":1}},"1":{"start":{"line":6,"column":26},"end":{"line":6,"column":49}},"2":{"start":{"line":8,"column":33},"end":{"line":8,"column":46}},"3":{"start":{"line":10,"column":21},"end":{"line":10,"column":38}},"4":{"start":{"line":12,"column":4},"end":{"line":12,"column":88}}},"fnMap":{"0":{"name":"(anonymous_0)","decl":{"start":{"line":5,"column":29},"end":{"line":5,"column":30}},"loc":{"start":{"line":5,"column":47},"end":{"line":13,"column":1}},"line":5}},"branchMap":{"0":{"loc":{"start":{"line":12,"column":11},"end":{"line":12,"column":88}},"type":"cond-expr","locations":[{"start":{"line":12,"column":30},"end":{"line":12,"column":38}},{"start":{"line":12,"column":41},"end":{"line":12,"column":88}}],"line":12}},"s":{"0":2,"1":5,"2":5,"3":5,"4":5},"f":{"0":5},"b":{"0":[3,2]},"_coverageSchema":"1a1c01bbd47fc00a2c39e90264f33305004495a9","hash":"c1c75bec5b29c3a620e2bca0cbbc8b1266ac75a9"}
,"C:\\Users\\Admin\\Desktop\\Yader\\JS\\react-course\\07-heroes-spa\\src\\router\\PublicRoutes.jsx": {"path":"C:\\Users\\Admin\\Desktop\\Yader\\JS\\react-course\\07-heroes-spa\\src\\router\\PublicRoutes.jsx","statementMap":{"0":{"start":{"line":5,"column":28},"end":{"line":9,"column":1}},"1":{"start":{"line":7,"column":26},"end":{"line":7,"column":49}},"2":{"start":{"line":8,"column":4},"end":{"line":8,"column":60}}},"fnMap":{"0":{"name":"(anonymous_0)","decl":{"start":{"line":5,"column":28},"end":{"line":5,"column":29}},"loc":{"start":{"line":5,"column":46},"end":{"line":9,"column":1}},"line":5}},"branchMap":{"0":{"loc":{"start":{"line":8,"column":11},"end":{"line":8,"column":60}},"type":"cond-expr","locations":[{"start":{"line":8,"column":30},"end":{"line":8,"column":49}},{"start":{"line":8,"column":52},"end":{"line":8,"column":60}}],"line":8}},"s":{"0":3,"1":3,"2":3},"f":{"0":3},"b":{"0":[1,2]},"_coverageSchema":"1a1c01bbd47fc00a2c39e90264f33305004495a9","hash":"ccb295b93850655daebb4a451f345705d72d7888"}
,"C:\\Users\\Admin\\Desktop\\Yader\\JS\\react-course\\07-heroes-spa\\src\\ui\\index.js": {"path":"C:\\Users\\Admin\\Desktop\\Yader\\JS\\react-course\\07-heroes-spa\\src\\ui\\index.js","statementMap":{},"fnMap":{},"branchMap":{},"s":{},"f":{},"b":{},"_coverageSchema":"1a1c01bbd47fc00a2c39e90264f33305004495a9","hash":"7d5869fbfc4a0583e98d47d009515513b3750028"}
,"C:\\Users\\Admin\\Desktop\\Yader\\JS\\react-course\\07-heroes-spa\\src\\ui\\components\\NavBar.jsx": {"path":"C:\\Users\\Admin\\Desktop\\Yader\\JS\\react-course\\07-heroes-spa\\src\\ui\\components\\NavBar.jsx","statementMap":{"0":{"start":{"line":5,"column":22},"end":{"line":46,"column":1}},"1":{"start":{"line":7,"column":21},"end":{"line":7,"column":34}},"2":{"start":{"line":8,"column":34},"end":{"line":8,"column":57}},"3":{"start":{"line":10,"column":25},"end":{"line":13,"column":5}},"4":{"start":{"line":11,"column":8},"end":{"line":11,"column":16}},"5":{"start":{"line":12,"column":8},"end":{"line":12,"column":26}},"6":{"start":{"line":15,"column":4},"end":{"line":45,"column":5}}},"fnMap":{"0":{"name":"(anonymous_0)","decl":{"start":{"line":5,"column":22},"end":{"line":5,"column":23}},"loc":{"start":{"line":5,"column":28},"end":{"line":46,"column":1}},"line":5},"1":{"name":"(anonymous_1)","decl":{"start":{"line":10,"column":25},"end":{"line":10,"column":26}},"loc":{"start":{"line":10,"column":31},"end":{"line":13,"column":5}},"line":10}},"branchMap":{},"s":{"0":2,"1":4,"2":4,"3":4,"4":1,"5":1,"6":4},"f":{"0":4,"1":1},"b":{},"_coverageSchema":"1a1c01bbd47fc00a2c39e90264f33305004495a9","hash":"2f332713ffed3489ef5eace55dc6ba814379e002"}
,"C:\\Users\\Admin\\Desktop\\Yader\\JS\\react-course\\07-heroes-spa\\src\\ui\\components\\index.js": {"path":"C:\\Users\\Admin\\Desktop\\Yader\\JS\\react-course\\07-heroes-spa\\src\\ui\\components\\index.js","statementMap":{},"fnMap":{},"branchMap":{},"s":{},"f":{},"b":{},"_coverageSchema":"1a1c01bbd47fc00a2c39e90264f33305004495a9","hash":"f8b38bb6dd146f1bcf74231bbc15ee07a9744ddc"}
}
