TN:
SF:src\auth\index.js
FNF:0
FNH:0
LF:0
LH:0
BRF:0
BRH:0
end_of_record
TN:
SF:src\auth\context\AuthContext.jsx
FNF:0
FNH:0
DA:3,5
LF:1
LH:1
BRF:0
BRH:0
end_of_record
TN:
SF:src\auth\context\AuthProvider.jsx
FN:6,(anonymous_0)
FN:15,(anonymous_1)
FN:19,(anonymous_2)
FN:34,(anonymous_3)
FNF:4
FNH:0
FNDA:0,(anonymous_0)
FNDA:0,(anonymous_1)
FNDA:0,(anonymous_2)
FNDA:0,(anonymous_3)
DA:6,5
DA:7,0
DA:9,0
DA:15,5
DA:17,0
DA:19,0
DA:21,0
DA:29,0
DA:31,0
DA:34,0
DA:36,0
DA:40,0
DA:41,0
DA:44,0
LF:14
LH:2
BRDA:19,0,0,0
BRF:1
BRH:0
end_of_record
TN:
SF:src\auth\context\authReducer.js
FN:3,(anonymous_0)
FNF:1
FNH:1
FNDA:3,(anonymous_0)
DA:3,5
DA:5,3
DA:8,1
DA:15,1
DA:20,1
LF:5
LH:5
BRDA:3,0,0,0
BRDA:5,1,0,1
BRDA:5,1,1,1
BRDA:5,1,2,1
BRF:4
BRH:3
end_of_record
TN:
SF:src\auth\context\index.js
FNF:0
FNH:0
LF:0
LH:0
BRF:0
BRH:0
end_of_record
TN:
SF:src\auth\pages\LoginPage.jsx
FN:7,(anonymous_0)
FN:15,(anonymous_1)
FNF:2
FNH:1
FNDA:1,(anonymous_0)
FNDA:0,(anonymous_1)
DA:7,4
DA:9,1
DA:10,1
DA:11,1
DA:13,1
DA:15,1
DA:17,0
DA:19,0
DA:24,1
LF:9
LH:7
BRDA:19,0,0,0
BRDA:19,0,1,0
BRF:2
BRH:0
end_of_record
TN:
SF:src\auth\pages\index.js
FNF:0
FNH:0
LF:0
LH:0
BRF:0
BRH:0
end_of_record
TN:
SF:src\auth\types\types.js
FNF:0
FNH:0
DA:2,6
LF:1
LH:1
BRF:0
BRH:0
end_of_record
TN:
SF:src\heroes\index.js
FNF:0
FNH:0
LF:0
LH:0
BRF:0
BRH:0
end_of_record
TN:
SF:src\heroes\components\HeroCard.jsx
FN:3,(anonymous_0)
FN:31,(anonymous_1)
FNF:2
FNH:1
FNDA:11,(anonymous_0)
FNDA:0,(anonymous_1)
DA:3,2
DA:9,11
DA:11,11
DA:31,0
LF:4
LH:3
BRDA:23,0,0,11
BRDA:23,0,1,0
BRDA:31,1,0,0
BRDA:31,1,1,11
BRF:4
BRH:2
end_of_record
TN:
SF:src\heroes\components\HeroList.jsx
FN:6,(anonymous_0)
FN:10,(anonymous_1)
FN:12,(anonymous_2)
FN:15,(anonymous_3)
FN:17,(anonymous_4)
FN:21,(anonymous_5)
FN:40,(anonymous_6)
FN:49,(anonymous_7)
FNF:8
FNH:5
FNDA:1,(anonymous_0)
FNDA:1,(anonymous_1)
FNDA:1,(anonymous_2)
FNDA:0,(anonymous_3)
FNDA:1,(anonymous_4)
FNDA:0,(anonymous_5)
FNDA:10,(anonymous_6)
FNDA:0,(anonymous_7)
DA:6,2
DA:7,1
DA:10,2
DA:12,1
DA:13,1
DA:15,1
DA:17,1
DA:18,1
DA:21,1
DA:23,0
DA:27,0
DA:28,0
DA:30,0
DA:33,0
DA:36,1
DA:41,10
DA:50,0
DA:51,0
LF:18
LH:11
BRDA:7,0,0,1
BRDA:7,0,1,1
BRDA:27,1,0,0
BRDA:27,1,1,0
BRDA:50,2,0,0
BRDA:50,2,1,0
BRF:6
BRH:2
end_of_record
TN:
SF:src\heroes\data\heroes.js
FNF:0
FNH:0
DA:1,2
LF:1
LH:1
BRF:0
BRH:0
end_of_record
TN:
SF:src\heroes\helpers\favoritesReducer.js
FN:3,(anonymous_0)
FN:10,(anonymous_1)
FNF:2
FNH:0
FNDA:0,(anonymous_0)
FNDA:0,(anonymous_1)
DA:3,2
DA:5,0
DA:8,0
DA:10,0
DA:12,0
DA:14,0
LF:6
LH:1
BRDA:3,0,0,0
BRDA:5,1,0,0
BRDA:5,1,1,0
BRDA:5,1,2,0
BRDA:5,1,3,0
BRF:5
BRH:0
end_of_record
TN:
SF:src\heroes\helpers\getHeroById.js
FN:3,(anonymous_0)
FN:5,(anonymous_1)
FNF:2
FNH:0
FNDA:0,(anonymous_0)
FNDA:0,(anonymous_1)
DA:3,2
DA:5,0
LF:2
LH:1
BRF:0
BRH:0
end_of_record
TN:
SF:src\heroes\helpers\getHeroesByPublisher.js
FN:3,(anonymous_0)
FN:9,(anonymous_1)
FNF:2
FNH:2
FNDA:1,(anonymous_0)
FNDA:20,(anonymous_1)
DA:3,2
DA:5,1
DA:7,1
DA:9,20
LF:4
LH:4
BRDA:7,0,0,0
BRDA:7,0,1,1
BRF:2
BRH:1
end_of_record
TN:
SF:src\heroes\helpers\index.js
FNF:0
FNH:0
LF:0
LH:0
BRF:0
BRH:0
end_of_record
TN:
SF:src\heroes\helpers\searchHeroBySuperHero.js
FN:3,(anonymous_0)
FN:8,(anonymous_1)
FNF:2
FNH:2
FNDA:5,(anonymous_0)
FNDA:40,(anonymous_1)
DA:3,2
DA:5,5
DA:7,5
DA:8,40
LF:4
LH:4
BRDA:7,0,0,3
BRDA:7,0,1,2
BRF:2
BRH:2
end_of_record
TN:
SF:src\heroes\pages\DcPage.jsx
FN:3,(anonymous_0)
FNF:1
FNH:0
FNDA:0,(anonymous_0)
DA:3,1
DA:5,0
LF:2
LH:1
BRF:0
BRH:0
end_of_record
TN:
SF:src\heroes\pages\HeroPage.jsx
FN:6,(anonymous_0)
FN:10,(anonymous_1)
FN:14,(anonymous_2)
FN:43,(anonymous_3)
FNF:4
FNH:0
FNDA:0,(anonymous_0)
FNDA:0,(anonymous_1)
FNDA:0,(anonymous_2)
FNDA:0,(anonymous_3)
DA:6,1
DA:8,0
DA:10,0
DA:12,0
DA:14,0
DA:15,0
DA:18,0
DA:19,0
DA:24,0
DA:43,0
LF:10
LH:1
BRDA:18,0,0,0
BRDA:18,0,1,0
BRF:2
BRH:0
end_of_record
TN:
SF:src\heroes\pages\MarvelPage.jsx
FN:3,(anonymous_0)
FNF:1
FNH:1
FNDA:1,(anonymous_0)
DA:3,1
DA:5,1
LF:2
LH:2
BRF:0
BRH:0
end_of_record
TN:
SF:src\heroes\pages\SearchPage.jsx
FN:10,(anonymous_0)
FN:14,(anonymous_1)
FN:27,(anonymous_2)
FN:37,(anonymous_3)
FN:39,(anonymous_4)
FN:43,(anonymous_5)
FN:83,(anonymous_6)
FNF:7
FNH:5
FNDA:4,(anonymous_0)
FNDA:5,(anonymous_1)
FNDA:1,(anonymous_2)
FNDA:0,(anonymous_3)
FNDA:4,(anonymous_4)
FNDA:0,(anonymous_5)
FNDA:1,(anonymous_6)
DA:10,2
DA:11,4
DA:14,2
DA:16,5
DA:17,5
DA:19,5
DA:21,5
DA:25,5
DA:27,5
DA:28,1
DA:30,1
DA:32,1
DA:35,5
DA:37,5
DA:39,5
DA:40,4
DA:43,5
DA:45,0
DA:49,0
DA:50,0
DA:52,0
DA:55,0
DA:58,5
DA:84,1
LF:24
LH:19
BRDA:11,0,0,4
BRDA:11,0,1,1
BRDA:19,1,0,3
BRDA:30,2,0,0
BRDA:30,2,1,1
BRDA:49,3,0,0
BRDA:49,3,1,0
BRDA:74,4,0,3
BRDA:74,4,1,2
BRDA:78,5,0,1
BRDA:78,5,1,4
BRDA:78,6,0,5
BRDA:78,6,1,4
BRF:13
BRH:10
end_of_record
TN:
SF:src\heroes\pages\index.js
FNF:0
FNH:0
LF:0
LH:0
BRF:0
BRH:0
end_of_record
TN:
SF:src\heroes\routes\HeroesRoutes.jsx
FN:7,(anonymous_0)
FNF:1
FNH:1
FNDA:1,(anonymous_0)
DA:7,1
DA:9,1
LF:2
LH:2
BRF:0
BRH:0
end_of_record
TN:
SF:src\heroes\types\types.js
FNF:0
FNH:0
DA:1,2
LF:1
LH:1
BRF:0
BRH:0
end_of_record
TN:
SF:src\hooks\useForm.js
FN:3,(anonymous_0)
FN:7,(anonymous_1)
FN:15,(anonymous_2)
FNF:3
FNH:2
FNDA:5,(anonymous_0)
FNDA:1,(anonymous_1)
FNDA:0,(anonymous_2)
DA:3,2
DA:5,5
DA:7,5
DA:8,1
DA:9,1
DA:15,5
DA:16,0
DA:19,5
LF:8
LH:7
BRDA:3,0,0,0
BRF:1
BRH:0
end_of_record
TN:
SF:src\router\AppRouter.jsx
FN:7,(anonymous_0)
FNF:1
FNH:1
FNDA:2,(anonymous_0)
DA:7,1
DA:9,2
LF:2
LH:2
BRF:0
BRH:0
end_of_record
TN:
SF:src\router\PrivateRoutes.jsx
FN:5,(anonymous_0)
FNF:1
FNH:1
FNDA:5,(anonymous_0)
DA:5,2
DA:6,5
DA:8,5
DA:10,5
DA:12,5
LF:5
LH:5
BRDA:12,0,0,3
BRDA:12,0,1,2
BRF:2
BRH:2
end_of_record
TN:
SF:src\router\PublicRoutes.jsx
FN:5,(anonymous_0)
FNF:1
FNH:1
FNDA:3,(anonymous_0)
DA:5,3
DA:7,3
DA:8,3
LF:3
LH:3
BRDA:8,0,0,1
BRDA:8,0,1,2
BRF:2
BRH:2
end_of_record
TN:
SF:src\ui\index.js
FNF:0
FNH:0
LF:0
LH:0
BRF:0
BRH:0
end_of_record
TN:
SF:src\ui\components\NavBar.jsx
FN:5,(anonymous_0)
FN:10,(anonymous_1)
FNF:2
FNH:2
FNDA:4,(anonymous_0)
FNDA:1,(anonymous_1)
DA:5,2
DA:7,4
DA:8,4
DA:10,4
DA:11,1
DA:12,1
DA:15,4
LF:7
LH:7
BRF:0
BRH:0
end_of_record
TN:
SF:src\ui\components\index.js
FNF:0
FNH:0
LF:0
LH:0
BRF:0
BRH:0
end_of_record
